<?xml version="1.0" encoding="UTF-8"?>
<!-- Generated by org.testng.reporters.JUnitReportReporter -->
<testsuite hostname="Tilak" failures="0" tests="2" name="OrangeHRMApplciationTestCases.OrangeHrm_Login_validation_WithXLSX" time="21.307" errors="0" timestamp="2024-05-17T22:38:10 IST" skipped="0">
  <testcase classname="OrangeHRMApplciationTestCases.OrangeHrm_Login_validation_WithXLSX" name="orangeHrm_LoginPageValidation" time="1.693"/>
  <testcase classname="OrangeHRMApplciationTestCases.OrangeHrm_Login_validation_WithXLSX" name="orangHRM_LoginValidation" time="19.614"/>
</testsuite> <!-- OrangeHRMApplciationTestCases.OrangeHrm_Login_validation_WithXLSX -->
