<?xml version="1.0" encoding="UTF-8"?>
<!-- Generated by org.testng.reporters.JUnitReportReporter -->
<testsuite hostname="Tilak" failures="0" tests="1" name="OrangeHrmApplicationTestDataFiles.Employeelist1" time="26.867" errors="0" timestamp="2024-05-22T09:26:05 IST" skipped="0">
  <testcase classname="OrangeHrmApplicationTestDataFiles.Employeelist1" name="employeeListValidation" time="26.867"/>
</testsuite> <!-- OrangeHrmApplicationTestDataFiles.Employeelist1 -->
