<?xml version="1.0" encoding="UTF-8"?>
<!-- Generated by org.testng.reporters.JUnitReportReporter -->
<testsuite hostname="Tilak" failures="0" tests="1" name="OrangeHRMApplciationTestCases.OragneHRMApplicatioEmployeeList" time="27.080" errors="0" timestamp="2024-05-22T09:02:16 IST" skipped="0">
  <testcase classname="OrangeHRMApplciationTestCases.OragneHRMApplicatioEmployeeList" name="employeeListValidation" time="27.080"/>
</testsuite> <!-- OrangeHRMApplciationTestCases.OragneHRMApplicatioEmployeeList -->
