<?xml version="1.0" encoding="UTF-8"?>
<!-- Generated by org.testng.reporters.JUnitReportReporter -->
<testsuite hostname="Tilak" failures="0" tests="1" name="OrangeHRMApplciationTestCases.OrangeHrm_HomePage_AddEmployee_Xlsx" time="56.675" errors="0" timestamp="2024-05-16T09:05:32 IST" skipped="0">
  <testcase classname="OrangeHRMApplciationTestCases.OrangeHrm_HomePage_AddEmployee_Xlsx" name="addEmployeeValiation" time="56.675"/>
</testsuite> <!-- OrangeHRMApplciationTestCases.OrangeHrm_HomePage_AddEmployee_Xlsx -->
